<?xml version="1.0" encoding="UTF-8"?>
<testng-results skipped="0" failed="0" ignored="0" total="1" passed="1">
  <reporter-output>
  </reporter-output>
  <suite name="Default suite" duration-ms="10014" started-at="2021-08-28T04:07:57Z" finished-at="2021-08-28T04:08:07Z">
    <groups>
    </groups>
    <test name="Default test" duration-ms="10014" started-at="2021-08-28T04:07:57Z" finished-at="2021-08-28T04:08:07Z">
      <class name="test.AddDataTest">
        <test-method status="PASS" signature="ValidUserShouldAbleToAddTestData()[pri:0, instance:test.AddDataTest@147ed70f]" name="ValidUserShouldAbleToAddTestData" duration-ms="9991" started-at="2021-08-28T04:07:57Z" finished-at="2021-08-28T04:08:07Z">
          <reporter-output>
          </reporter-output>
        </test-method> <!-- ValidUserShouldAbleToAddTestData -->
      </class> <!-- test.AddDataTest -->
    </test> <!-- Default test -->
  </suite> <!-- Default suite -->
</testng-results>
